30/07/2011 0:04:55 Se conecto con ip:200.74.88.140
30/07/2011 0:05:01 Agarro:1 Objeto:Cruz de Lider
30/07/2011 0:05:02 Agarro:89 Objeto:Piedra de Clan
30/07/2011 0:07:25 Se conecto con ip:200.74.88.140
30/07/2011 2:45:56 Se conecto con ip:127.0.0.1
30/07/2011 2:46:13 /IASEDIO
30/07/2011 2:46:45 /IASEDIO
30/07/2011 2:46:52 Transporto a SaturoS hacia Mapa114 X:76 Y:51
30/07/2011 2:46:52 Transporto a SaturoS hacia Mapa114 X:72 Y:56
30/07/2011 2:46:52 Transporto a SaturoS hacia Mapa114 X:68 Y:60
30/07/2011 2:46:53 Transporto a SaturoS hacia Mapa114 X:64 Y:61
30/07/2011 2:46:53 Transporto a SaturoS hacia Mapa114 X:60 Y:62
30/07/2011 2:46:53 Transporto a SaturoS hacia Mapa114 X:56 Y:63
30/07/2011 2:46:54 Transporto a SaturoS hacia Mapa114 X:52 Y:64
30/07/2011 2:46:54 Transporto a SaturoS hacia Mapa114 X:48 Y:65
30/07/2011 2:46:54 Transporto a SaturoS hacia Mapa114 X:44 Y:67
30/07/2011 2:46:54 Transporto a SaturoS hacia Mapa114 X:42 Y:70
30/07/2011 2:46:54 Transporto a SaturoS hacia Mapa114 X:41 Y:73
30/07/2011 2:46:54 Transporto a SaturoS hacia Mapa114 X:40 Y:76
30/07/2011 2:46:55 Transporto a SaturoS hacia Mapa114 X:39 Y:79
30/07/2011 2:46:55 Transporto a SaturoS hacia Mapa114 X:42 Y:82
30/07/2011 2:46:55 Transporto a SaturoS hacia Mapa114 X:47 Y:85
30/07/2011 2:46:55 Transporto a SaturoS hacia Mapa114 X:52 Y:88
30/07/2011 2:46:55 Transporto a SaturoS hacia Mapa114 X:56 Y:91
30/07/2011 2:46:56 Transporto a SaturoS hacia Mapa114 X:56 Y:94
30/07/2011 2:46:56 Transporto a SaturoS hacia Mapa114 X:57 Y:88
30/07/2011 2:46:56 Transporto a SaturoS hacia Mapa114 X:58 Y:82
30/07/2011 2:46:56 Transporto a SaturoS hacia Mapa114 X:59 Y:76
30/07/2011 2:46:56 Transporto a SaturoS hacia Mapa114 X:60 Y:70
30/07/2011 2:46:56 Transporto a SaturoS hacia Mapa114 X:60 Y:65
30/07/2011 2:46:57 Transporto a SaturoS hacia Mapa114 X:58 Y:61
30/07/2011 2:46:57 Transporto a SaturoS hacia Mapa114 X:56 Y:58
30/07/2011 2:46:57 Transporto a SaturoS hacia Mapa114 X:53 Y:55
30/07/2011 2:46:57 Transporto a SaturoS hacia Mapa114 X:50 Y:53
30/07/2011 2:46:57 Transporto a SaturoS hacia Mapa114 X:47 Y:51
30/07/2011 2:46:58 Transporto a SaturoS hacia Mapa114 X:48 Y:50
30/07/2011 2:47:56 Transporto a SaturoS hacia Mapa115 X:46 Y:60
30/07/2011 2:47:57 Transporto a SaturoS hacia Mapa115 X:47 Y:61
30/07/2011 2:47:59 Transporto a SaturoS hacia Mapa115 X:44 Y:59
30/07/2011 4:07:47 Se conecto con ip:127.0.0.1
30/07/2011 4:08:12 Se conecto con ip:127.0.0.1
30/07/2011 4:10:00 Se conecto con ip:127.0.0.1
30/07/2011 4:10:39 /IASEDIO
30/07/2011 4:10:44 Transporto a SaturoS hacia Mapa114 X:80 Y:41
30/07/2011 4:10:44 Transporto a SaturoS hacia Mapa114 X:81 Y:43
30/07/2011 4:10:44 Transporto a SaturoS hacia Mapa114 X:82 Y:45
30/07/2011 4:10:44 Transporto a SaturoS hacia Mapa114 X:83 Y:48
30/07/2011 4:10:45 Transporto a SaturoS hacia Mapa114 X:81 Y:51
30/07/2011 4:10:45 Transporto a SaturoS hacia Mapa114 X:76 Y:52
30/07/2011 4:10:45 Transporto a SaturoS hacia Mapa114 X:68 Y:52
30/07/2011 4:10:45 Transporto a SaturoS hacia Mapa114 X:60 Y:51
30/07/2011 4:10:45 Transporto a SaturoS hacia Mapa114 X:52 Y:50
30/07/2011 4:10:45 Transporto a SaturoS hacia Mapa114 X:48 Y:50
30/07/2011 4:10:47 Transporto a SaturoS hacia Mapa114 X:48 Y:48
30/07/2011 4:10:48 Transporto a SaturoS hacia Mapa115 X:49 Y:60
30/07/2011 4:10:49 Transporto a SaturoS hacia Mapa115 X:48 Y:58
30/07/2011 14:02:38 Se conecto con ip:127.0.0.1
30/07/2011 14:02:47 /IASEDIO
30/07/2011 14:02:53 Transporto a SaturoS hacia Mapa114 X:80 Y:45
30/07/2011 14:02:53 Transporto a SaturoS hacia Mapa114 X:81 Y:49
30/07/2011 14:02:53 Transporto a SaturoS hacia Mapa114 X:82 Y:53
30/07/2011 14:02:53 Transporto a SaturoS hacia Mapa114 X:83 Y:56
30/07/2011 14:02:53 Transporto a SaturoS hacia Mapa114 X:79 Y:58
30/07/2011 14:02:53 Transporto a SaturoS hacia Mapa114 X:74 Y:60
30/07/2011 14:02:54 Transporto a SaturoS hacia Mapa114 X:69 Y:62
30/07/2011 14:02:54 Transporto a SaturoS hacia Mapa114 X:61 Y:62
30/07/2011 14:02:54 Transporto a SaturoS hacia Mapa114 X:53 Y:63
30/07/2011 14:02:55 Transporto a SaturoS hacia Mapa114 X:50 Y:57
31/07/2011 22:34:11 Se conecto con ip:127.0.0.1
31/07/2011 22:34:19 Transporto a SaturoS hacia Mapa1 X:39 Y:53
31/07/2011 22:34:19 Transporto a SaturoS hacia Mapa1 X:34 Y:56
31/07/2011 22:34:20 Transporto a SaturoS hacia Mapa1 X:29 Y:57
31/07/2011 22:34:21 Transporto a SaturoS hacia Mapa1 X:29 Y:53
31/07/2011 22:34:22 Transporto a SaturoS hacia Mapa1 X:29 Y:49
31/07/2011 22:34:22 Transporto a SaturoS hacia Mapa1 X:29 Y:45
31/07/2011 22:34:35 Transporto a SaturoS hacia Mapa47 X:50 Y:50
