10/1/2009 6:59:58 PM: Caché borrado correctamente.
10/1/2009 6:59:58 PM: ----------------------------------------------------.
10/1/2009 7:02:59 PM: Caché borrado correctamente.
10/1/2009 7:02:59 PM: ----------------------------------------------------.
10/1/2009 7:05:59 PM: Caché borrado correctamente.
10/1/2009 7:05:59 PM: ----------------------------------------------------.
10/1/2009 7:13:23 PM: Verificando igualdad de email del personaje FerGuS
10/1/2009 7:13:23 PM: Enviando contraseña a saturos@symxsoft.net
10/1/2009 7:13:27 PM: Correo enviado correctamente a saturos@symxsoft.net
10/1/2009 7:13:27 PM: -----------------------------------------------
10/1/2009 10:38:24 PM: Verificando igualdad de email del personaje dsds
10/1/2009 10:38:24 PM: No hay igualdad de email en el personaje dsds
10/2/2009 8:26:13 PM: Verificando igualdad de email del personaje Amelio
10/2/2009 8:26:13 PM: Enviando contraseña a vivi_donagus@hotmail.com
10/2/2009 8:26:16 PM: Correo enviado correctamente a vivi_donagus@hotmail.com
10/2/2009 8:26:16 PM: -----------------------------------------------
10/2/2009 8:50:25 PM: Verificando igualdad de email del personaje Amelio
10/2/2009 8:50:25 PM: Enviando contraseña a vivi_donagus@hotmail.com
10/2/2009 8:50:28 PM: Correo enviado correctamente a vivi_donagus@hotmail.com
10/2/2009 8:50:28 PM: -----------------------------------------------
10/3/2009 12:36:26 AM: Verificando igualdad de email del personaje ilpk
10/3/2009 12:36:26 AM: Enviando contraseña a juank_de_floresta@live.com
10/3/2009 12:36:29 AM: Correo enviado correctamente a juank_de_floresta@live.com
10/3/2009 12:36:29 AM: -----------------------------------------------
10/3/2009 6:40:40 AM: Verificando igualdad de email del personaje \' or 1=1 or \'\'=\'
10/3/2009 6:40:40 AM: No hay igualdad de email en el personaje \' or 1=1 or \'\'=\'
10/3/2009 6:40:40 AM: Verificando igualdad de email del personaje \' or 1=1 or \'\'=\'
10/3/2009 6:40:40 AM: No hay igualdad de email en el personaje \' or 1=1 or \'\'=\'
10/3/2009 10:11:24 AM: Verificando igualdad de email del personaje GsKill
10/3/2009 10:11:24 AM: Enviando contraseña a rivercapo_marcelo@hotmail.com
10/3/2009 10:11:27 AM: Correo enviado correctamente a rivercapo_marcelo@hotmail.com
10/3/2009 10:11:27 AM: -----------------------------------------------
10/3/2009 1:15:06 PM: Verificando igualdad de email del personaje ilpk
10/3/2009 1:15:06 PM: Enviando contraseña a juank_de_floresta@live.com
10/3/2009 1:15:09 PM: Correo enviado correctamente a juank_de_floresta@live.com
10/3/2009 1:15:09 PM: -----------------------------------------------
10/3/2009 1:15:09 PM: Verificando igualdad de email del personaje ilpk
10/3/2009 1:15:09 PM: Enviando contraseña a juank_de_floresta@live.com
10/3/2009 1:15:20 PM: Correo enviado correctamente a juank_de_floresta@live.com
10/3/2009 1:15:20 PM: -----------------------------------------------
10/3/2009 3:09:55 PM: Verificando igualdad de email del personaje Atrevido
10/3/2009 3:09:55 PM: Enviando contraseña a juli_954@hotmail.com
10/3/2009 3:09:58 PM: Correo enviado correctamente a juli_954@hotmail.com
10/3/2009 3:09:58 PM: -----------------------------------------------
10/3/2009 11:08:52 PM: Verificando igualdad de email del personaje Dr asesino
10/3/2009 11:08:52 PM: No hay igualdad de email en el personaje Dr asesino
10/4/2009 1:33:28 AM: Verificando igualdad de email del personaje wako
10/4/2009 1:33:28 AM: Enviando contraseña a underwako@gmail.com
10/4/2009 1:33:31 AM: Correo enviado correctamente a underwako@gmail.com
10/4/2009 1:33:31 AM: -----------------------------------------------
10/4/2009 8:59:23 AM: Verificando igualdad de email del personaje 
10/4/2009 8:59:23 AM: No hay igualdad de email en el personaje 
10/4/2009 5:19:29 PM: Verificando igualdad de email del personaje ilpk
10/4/2009 5:19:29 PM: Enviando contraseña a juank_de_floresta@live.com
10/4/2009 5:19:32 PM: Correo enviado correctamente a juank_de_floresta@live.com
10/4/2009 5:19:32 PM: -----------------------------------------------
10/4/2009 5:19:32 PM: Verificando igualdad de email del personaje gomita
10/4/2009 5:19:32 PM: Enviando contraseña a juank_de_floresta@live.com
10/4/2009 5:19:35 PM: Correo enviado correctamente a juank_de_floresta@live.com
10/4/2009 5:19:35 PM: -----------------------------------------------
10/4/2009 5:37:41 PM: Verificando igualdad de email del personaje gomita
10/4/2009 5:37:41 PM: Enviando contraseña a juank_de_floresta@live.com
10/4/2009 5:37:46 PM: Correo enviado correctamente a juank_de_floresta@live.com
10/4/2009 5:37:46 PM: -----------------------------------------------
10/4/2009 8:41:39 PM: Verificando igualdad de email del personaje 
10/4/2009 8:41:39 PM: No hay igualdad de email en el personaje 
10/4/2009 8:41:39 PM: Verificando igualdad de email del personaje 
10/4/2009 8:41:39 PM: No hay igualdad de email en el personaje 
10/4/2009 8:44:40 PM: Verificando igualdad de email del personaje lacrita
10/4/2009 8:44:40 PM: Enviando contraseña a asd@asd.com
10/4/2009 8:44:43 PM: Correo enviado correctamente a asd@asd.com
10/4/2009 8:44:43 PM: -----------------------------------------------
10/5/2009 1:10:19 PM: Verificando igualdad de email del personaje ilpk
10/5/2009 1:10:19 PM: No hay igualdad de email en el personaje ilpk
10/5/2009 4:44:33 PM: Verificando igualdad de email del personaje gomita
10/5/2009 4:44:33 PM: Enviando contraseña a juank_de_floresta@live.com
10/5/2009 4:44:36 PM: Correo enviado correctamente a juank_de_floresta@live.com
10/5/2009 4:44:36 PM: -----------------------------------------------
10/5/2009 5:41:53 PM: Verificando igualdad de email del personaje gomita
10/5/2009 5:41:53 PM: Enviando contraseña a juank_de_floresta@live.com
10/5/2009 5:41:57 PM: Correo enviado correctamente a juank_de_floresta@live.com
10/5/2009 5:41:57 PM: -----------------------------------------------
10/5/2009 10:46:22 PM: Verificando igualdad de email del personaje Kroke
10/5/2009 10:46:22 PM: No hay igualdad de email en el personaje Kroke
10/6/2009 6:20:15 PM: Verificando igualdad de email del personaje eragon
10/6/2009 6:20:15 PM: Enviando contraseña a manuelde10@hotmail.com
10/6/2009 6:20:19 PM: Correo enviado correctamente a manuelde10@hotmail.com
10/6/2009 6:20:19 PM: -----------------------------------------------
10/6/2009 6:25:00 PM: Verificando igualdad de email del personaje gskill
10/6/2009 6:25:00 PM: Enviando contraseña a rivercapo_marcelo@hotmail.com
10/6/2009 6:25:03 PM: Correo enviado correctamente a rivercapo_marcelo@hotmail.com
10/6/2009 6:25:03 PM: -----------------------------------------------
10/6/2009 7:22:41 PM: Verificando igualdad de email del personaje ToTa
10/6/2009 7:22:41 PM: Enviando contraseña a eltotovd@hotmail.es
10/6/2009 7:22:44 PM: Correo enviado correctamente a eltotovd@hotmail.es
10/6/2009 7:22:44 PM: -----------------------------------------------
10/6/2009 11:20:16 PM: Verificando igualdad de email del personaje gskill
10/6/2009 11:20:16 PM: Enviando contraseña a rivercapo_marcelo@hotmail.com
10/6/2009 11:20:20 PM: Correo enviado correctamente a rivercapo_marcelo@hotmail.com
10/6/2009 11:20:20 PM: -----------------------------------------------
10/6/2009 11:20:20 PM: Verificando igualdad de email del personaje gskill
10/6/2009 11:20:20 PM: Enviando contraseña a rivercapo_marcelo@hotmail.com
10/6/2009 11:20:23 PM: Correo enviado correctamente a rivercapo_marcelo@hotmail.com
10/6/2009 11:20:23 PM: -----------------------------------------------
10/7/2009 8:47:31 PM: Verificando igualdad de email del personaje juanncrux
10/7/2009 8:47:31 PM: No hay igualdad de email en el personaje juanncrux
10/8/2009 9:18:18 PM: Verificando igualdad de email del personaje ojotuda
10/8/2009 9:18:18 PM: Enviando contraseña a a@a.com
10/8/2009 9:18:23 PM: Correo enviado correctamente a a@a.com
10/8/2009 9:18:23 PM: -----------------------------------------------
10/8/2009 9:57:34 PM: Verificando igualdad de email del personaje gskill
10/8/2009 9:57:34 PM: Enviando contraseña a rivercapo_marcelo@hotmail.com
10/8/2009 9:57:37 PM: Correo enviado correctamente a rivercapo_marcelo@hotmail.com
10/8/2009 9:57:37 PM: -----------------------------------------------
10/9/2009 2:16:36 PM: Verificando igualdad de email del personaje Ely
10/9/2009 2:16:36 PM: No hay igualdad de email en el personaje Ely
10/9/2009 2:40:44 PM: Verificando igualdad de email del personaje Ely
10/9/2009 2:40:44 PM: Enviando contraseña a Leo-xD@live.com
10/9/2009 2:40:48 PM: Correo enviado correctamente a Leo-xD@live.com
10/9/2009 2:40:48 PM: -----------------------------------------------
10/9/2009 4:08:15 PM: Verificando igualdad de email del personaje Hix
10/9/2009 4:08:15 PM: No hay igualdad de email en el personaje Hix
10/9/2009 4:29:21 PM: Verificando igualdad de email del personaje Hix
10/9/2009 4:29:21 PM: No hay igualdad de email en el personaje Hix
10/9/2009 4:35:23 PM: Verificando igualdad de email del personaje Hix
10/9/2009 4:35:23 PM: No hay igualdad de email en el personaje Hix
10/9/2009 4:38:24 PM: Verificando igualdad de email del personaje malice
10/9/2009 4:38:24 PM: Enviando contraseña a saturos@symxsoft.net
10/9/2009 4:38:27 PM: Correo enviado correctamente a saturos@symxsoft.net
10/9/2009 4:38:27 PM: -----------------------------------------------
10/10/2009 3:16:51 AM: Verificando igualdad de email del personaje gomita
10/10/2009 3:16:51 AM: Enviando contraseña a juank_de_floresta@live.com
10/10/2009 3:16:54 AM: Correo enviado correctamente a juank_de_floresta@live.com
10/10/2009 3:16:54 AM: -----------------------------------------------
10/10/2009 6:32:18 PM: Verificando igualdad de email del personaje josepiola
10/10/2009 6:32:18 PM: Enviando contraseña a gere_el_mas_cumbiero@live.com.ar
10/10/2009 6:32:22 PM: Correo enviado correctamente a gere_el_mas_cumbiero@live.com.ar
10/10/2009 6:32:22 PM: -----------------------------------------------
10/10/2009 9:30:00 PM: Verificando igualdad de email del personaje KoZHEX
10/10/2009 9:30:00 PM: Enviando contraseña a pablof.13@hotmail.com
10/10/2009 9:30:03 PM: Correo enviado correctamente a pablof.13@hotmail.com
10/10/2009 9:30:03 PM: -----------------------------------------------
10/11/2009 4:04:10 PM: Verificando igualdad de email del personaje mia
10/11/2009 4:04:10 PM: Enviando contraseña a maxi_diablo3@hotmail.com
10/11/2009 4:04:14 PM: Correo enviado correctamente a maxi_diablo3@hotmail.com
10/11/2009 4:04:14 PM: -----------------------------------------------
10/11/2009 4:58:29 PM: Verificando igualdad de email del personaje mia
10/11/2009 4:58:29 PM: Enviando contraseña a maxi_diablo3@hotmail.com
10/11/2009 4:58:32 PM: Correo enviado correctamente a maxi_diablo3@hotmail.com
10/11/2009 4:58:32 PM: -----------------------------------------------
10/11/2009 5:22:39 PM: Verificando igualdad de email del personaje GranDMasteR
10/11/2009 5:22:39 PM: Enviando contraseña a kevin_geraldo@msn.com
10/11/2009 5:22:42 PM: Correo enviado correctamente a kevin_geraldo@msn.com
10/11/2009 5:22:42 PM: -----------------------------------------------
10/11/2009 8:56:28 PM: Verificando igualdad de email del personaje shina
10/11/2009 8:56:28 PM: Enviando contraseña a mariano_sc14@hotmail.com
10/11/2009 8:56:31 PM: Correo enviado correctamente a mariano_sc14@hotmail.com
10/11/2009 8:56:31 PM: -----------------------------------------------
10/12/2009 1:05:58 PM: Verificando igualdad de email del personaje arvlito
10/12/2009 1:05:58 PM: No hay igualdad de email en el personaje arvlito
10/12/2009 1:05:58 PM: Verificando igualdad de email del personaje magicfefo
10/12/2009 1:05:58 PM: Enviando contraseña a ignacio_jaure.15@hotmail.com
10/12/2009 1:06:04 PM: Correo enviado correctamente a ignacio_jaure.15@hotmail.com
10/12/2009 1:06:04 PM: -----------------------------------------------
10/12/2009 3:48:45 PM: Verificando igualdad de email del personaje concurrent hits exceeded

10/12/2009 3:48:45 PM: No hay igualdad de email en el personaje concurrent hits exceeded

10/12/2009 5:52:19 PM: Verificando igualdad de email del personaje messen
10/12/2009 5:52:19 PM: Enviando contraseña a messen_ao@hotmail.com
10/12/2009 5:52:22 PM: Correo enviado correctamente a messen_ao@hotmail.com
10/12/2009 5:52:22 PM: -----------------------------------------------
10/12/2009 6:16:28 PM: Verificando igualdad de email del personaje Gansha
10/12/2009 6:16:28 PM: No hay igualdad de email en el personaje Gansha
10/12/2009 7:19:45 PM: Verificando igualdad de email del personaje Jauresito
10/12/2009 7:19:45 PM: Enviando contraseña a ignacio_jaure.15@hotmail.com
10/12/2009 7:19:49 PM: Correo enviado correctamente a ignacio_jaure.15@hotmail.com
10/12/2009 7:19:49 PM: -----------------------------------------------
10/13/2009 2:45:35 PM: Verificando igualdad de email del personaje Shea
10/13/2009 2:45:35 PM: No hay igualdad de email en el personaje Shea
10/13/2009 2:48:36 PM: Verificando igualdad de email del personaje 47589489
10/13/2009 2:48:36 PM: No hay igualdad de email en el personaje 47589489
10/13/2009 2:48:36 PM: Verificando igualdad de email del personaje Shea
10/13/2009 2:48:36 PM: Enviando contraseña a agustinnovoa@hotmail.com
10/13/2009 2:48:42 PM: Correo enviado correctamente a agustinnovoa@hotmail.com
10/13/2009 2:48:42 PM: -----------------------------------------------
10/13/2009 5:13:15 PM: Verificando igualdad de email del personaje cris maglegar
10/13/2009 5:13:15 PM: Enviando contraseña a ccriiss.-@hotmail.com
10/13/2009 5:13:18 PM: Correo enviado correctamente a ccriiss.-@hotmail.com
10/13/2009 5:13:18 PM: -----------------------------------------------
10/13/2009 5:13:18 PM: Verificando igualdad de email del personaje ccriiss.-@hotmail.com
10/13/2009 5:13:18 PM: No hay igualdad de email en el personaje ccriiss.-@hotmail.com
10/13/2009 8:12:18 PM: Verificando igualdad de email del personaje hoho
10/13/2009 8:12:18 PM: Enviando contraseña a joelf0@hotmail.es
10/13/2009 8:12:21 PM: Correo enviado correctamente a joelf0@hotmail.es
10/13/2009 8:12:21 PM: -----------------------------------------------
10/13/2009 8:15:22 PM: Verificando igualdad de email del personaje hoho
10/13/2009 8:15:22 PM: No hay igualdad de email en el personaje hoho
10/13/2009 11:40:29 PM: Verificando igualdad de email del personaje LithiuM
10/13/2009 11:40:29 PM: Enviando contraseña a nikohh.-@live.com.ar
10/13/2009 11:40:34 PM: Correo enviado correctamente a nikohh.-@live.com.ar
10/13/2009 11:40:34 PM: -----------------------------------------------
10/14/2009 12:28:46 AM: Verificando igualdad de email del personaje lipo
10/14/2009 12:28:46 AM: No hay igualdad de email en el personaje lipo
10/14/2009 2:20:08 PM: Verificando igualdad de email del personaje MenTira
10/14/2009 2:20:08 PM: No hay igualdad de email en el personaje MenTira
10/14/2009 2:20:08 PM: Verificando igualdad de email del personaje MenTira
10/14/2009 2:20:08 PM: No hay igualdad de email en el personaje MenTira
10/14/2009 2:32:13 PM: Verificando igualdad de email del personaje mentira
10/14/2009 2:32:13 PM: No hay igualdad de email en el personaje mentira
10/14/2009 8:52:12 PM: Verificando igualdad de email del personaje Muerte
10/14/2009 8:52:12 PM: No hay igualdad de email en el personaje Muerte
10/15/2009 1:23:52 AM: Verificando igualdad de email del personaje kapax
10/15/2009 1:23:52 AM: No hay igualdad de email en el personaje kapax
10/15/2009 1:23:52 AM: Verificando igualdad de email del personaje s p o o k
10/15/2009 1:23:52 AM: No hay igualdad de email en el personaje s p o o k
10/15/2009 10:20:12 AM: Verificando igualdad de email del personaje dark sun
10/15/2009 10:20:12 AM: Enviando contraseña a ezequielxnx@hotmail.com
10/15/2009 10:20:16 AM: Correo enviado correctamente a ezequielxnx@hotmail.com
10/15/2009 10:20:16 AM: -----------------------------------------------
10/15/2009 6:59:27 PM: Verificando igualdad de email del personaje ivan
10/15/2009 6:59:27 PM: No hay igualdad de email en el personaje ivan
10/15/2009 7:02:28 PM: Verificando igualdad de email del personaje mia
10/15/2009 7:02:28 PM: Enviando contraseña a maxi_diablo3@hotmail.com
10/15/2009 7:02:33 PM: Correo enviado correctamente a maxi_diablo3@hotmail.com
10/15/2009 7:02:33 PM: -----------------------------------------------
10/15/2009 7:23:39 PM: Verificando igualdad de email del personaje mia
10/15/2009 7:23:39 PM: Enviando contraseña a maxi_diablo3@hotmail.com
10/15/2009 7:23:43 PM: Correo enviado correctamente a maxi_diablo3@hotmail.com
10/15/2009 7:23:43 PM: -----------------------------------------------
10/15/2009 7:32:49 PM: Verificando igualdad de email del personaje gskill
10/15/2009 7:32:49 PM: Enviando contraseña a rivercapo_marcelo@hotmail.com
10/15/2009 7:32:51 PM: Correo enviado correctamente a rivercapo_marcelo@hotmail.com
10/15/2009 7:32:51 PM: -----------------------------------------------
10/15/2009 7:32:51 PM: Verificando igualdad de email del personaje gskil
10/15/2009 7:32:51 PM: Enviando contraseña a rivercapo_marcelo@hotmail.com
10/15/2009 7:32:54 PM: Correo enviado correctamente a rivercapo_marcelo@hotmail.com
10/15/2009 7:32:54 PM: -----------------------------------------------
10/15/2009 7:38:58 PM: Verificando igualdad de email del personaje gskill
10/15/2009 7:38:58 PM: Enviando contraseña a rivercapo_marcelo@hotmail.com
10/15/2009 7:39:01 PM: Correo enviado correctamente a rivercapo_marcelo@hotmail.com
10/15/2009 7:39:01 PM: -----------------------------------------------
10/15/2009 8:09:09 PM: Verificando igualdad de email del personaje mia
10/15/2009 8:09:09 PM: Enviando contraseña a maxi_diablo3@hotmail.com
10/15/2009 8:09:12 PM: Correo enviado correctamente a maxi_diablo3@hotmail.com
10/15/2009 8:09:12 PM: -----------------------------------------------
10/15/2009 8:33:20 PM: Verificando igualdad de email del personaje ivan
10/15/2009 8:33:20 PM: No hay igualdad de email en el personaje ivan
10/15/2009 8:33:20 PM: Verificando igualdad de email del personaje barditox
10/15/2009 8:33:20 PM: No hay igualdad de email en el personaje barditox
10/16/2009 2:38:08 PM: Verificando igualdad de email del personaje mia
10/16/2009 2:38:08 PM: Enviando contraseña a maxi_diablo3@hotmail.com
10/16/2009 2:38:16 PM: Correo enviado correctamente a maxi_diablo3@hotmail.com
10/16/2009 2:38:16 PM: -----------------------------------------------
10/16/2009 2:38:16 PM: Verificando igualdad de email del personaje Sender
10/16/2009 2:38:16 PM: Enviando contraseña a pablokpo98@hotmail.com
10/16/2009 2:38:22 PM: Correo enviado correctamente a pablokpo98@hotmail.com
10/16/2009 2:38:22 PM: -----------------------------------------------
10/16/2009 3:09:18 PM: Verificando igualdad de email del personaje MIA
10/16/2009 3:09:18 PM: No hay igualdad de email en el personaje MIA
10/16/2009 3:18:22 PM: Verificando igualdad de email del personaje mia
10/16/2009 3:18:22 PM: Enviando contraseña a maxi_diablo3@hotmail.com
10/16/2009 3:18:26 PM: Correo enviado correctamente a maxi_diablo3@hotmail.com
10/16/2009 3:18:26 PM: -----------------------------------------------
10/16/2009 3:18:26 PM: Verificando igualdad de email del personaje mia
10/16/2009 3:18:26 PM: Enviando contraseña a maxi_diablo3@hotmail.com
10/16/2009 3:18:29 PM: Correo enviado correctamente a maxi_diablo3@hotmail.com
10/16/2009 3:18:29 PM: -----------------------------------------------
10/16/2009 3:30:36 PM: Verificando igualdad de email del personaje negative
10/16/2009 3:30:36 PM: No hay igualdad de email en el personaje negative
10/16/2009 3:39:42 PM: Verificando igualdad de email del personaje mia
10/16/2009 3:39:42 PM: Enviando contraseña a maxi_diablo3@hotmail.com
10/16/2009 3:39:45 PM: Correo enviado correctamente a maxi_diablo3@hotmail.com
10/16/2009 3:39:45 PM: -----------------------------------------------
10/16/2009 3:39:45 PM: Verificando igualdad de email del personaje negative
10/16/2009 3:39:45 PM: Enviando contraseña a mazy_xd@hotmail.com
10/16/2009 3:39:54 PM: Correo enviado correctamente a mazy_xd@hotmail.com
10/16/2009 3:39:54 PM: -----------------------------------------------
10/16/2009 3:42:56 PM: Verificando igualdad de email del personaje asdfg
10/16/2009 3:42:56 PM: No hay igualdad de email en el personaje asdfg
10/16/2009 4:28:16 PM: Verificando igualdad de email del personaje asdfg
10/16/2009 4:28:16 PM: Enviando contraseña a amilkpo@hotmail.com
10/16/2009 4:28:20 PM: Correo enviado correctamente a amilkpo@hotmail.com
10/16/2009 4:28:20 PM: -----------------------------------------------
10/16/2009 5:16:38 PM: Verificando igualdad de email del personaje fuzz
10/16/2009 5:16:38 PM: No hay igualdad de email en el personaje fuzz
10/16/2009 7:41:23 PM: Verificando igualdad de email del personaje mia
10/16/2009 7:41:23 PM: Enviando contraseña a maxi_diablo3@hotmail.com
10/16/2009 7:41:27 PM: Correo enviado correctamente a maxi_diablo3@hotmail.com
10/16/2009 7:41:27 PM: -----------------------------------------------
10/16/2009 8:32:39 PM: Verificando igualdad de email del personaje Gancia
10/16/2009 8:32:39 PM: Enviando contraseña a mmaaxxi@hotmail.es
10/16/2009 8:32:43 PM: Correo enviado correctamente a mmaaxxi@hotmail.es
10/16/2009 8:32:43 PM: -----------------------------------------------
10/16/2009 8:44:48 PM: Verificando igualdad de email del personaje Gancia
10/16/2009 8:44:48 PM: Enviando contraseña a mmaaxxi@hotmail.es
10/16/2009 8:44:51 PM: Correo enviado correctamente a mmaaxxi@hotmail.es
10/16/2009 8:44:51 PM: -----------------------------------------------
10/16/2009 9:05:56 PM: Verificando igualdad de email del personaje Gancia
10/16/2009 9:05:56 PM: Enviando contraseña a mmaaxxi@hotmail.es
10/16/2009 9:05:59 PM: Correo enviado correctamente a mmaaxxi@hotmail.es
10/16/2009 9:05:59 PM: -----------------------------------------------
10/16/2009 9:12:01 PM: Verificando igualdad de email del personaje Gancia
10/16/2009 9:12:01 PM: Enviando contraseña a mmaaxxi@hotmail.es
10/16/2009 9:12:04 PM: Correo enviado correctamente a mmaaxxi@hotmail.es
10/16/2009 9:12:04 PM: -----------------------------------------------
10/16/2009 9:24:10 PM: Verificando igualdad de email del personaje Gancia
10/16/2009 9:24:10 PM: Enviando contraseña a mmaaxxi@hotmail.es
10/16/2009 9:24:13 PM: Correo enviado correctamente a mmaaxxi@hotmail.es
10/16/2009 9:24:13 PM: -----------------------------------------------
10/16/2009 9:27:15 PM: Verificando igualdad de email del personaje Gancia
10/16/2009 9:27:15 PM: Enviando contraseña a mmaaxxi@hotmail.es
10/16/2009 9:27:17 PM: Correo enviado correctamente a mmaaxxi@hotmail.es
10/16/2009 9:27:17 PM: -----------------------------------------------
10/16/2009 11:45:52 PM: Verificando igualdad de email del personaje dimitrus
10/16/2009 11:45:52 PM: Enviando contraseña a maco_c09@hotmail.com
10/16/2009 11:45:55 PM: Correo enviado correctamente a maco_c09@hotmail.com
10/16/2009 11:45:55 PM: -----------------------------------------------
10/17/2009 9:48:24 AM: Verificando igualdad de email del personaje roxy
10/17/2009 9:48:24 AM: Enviando contraseña a mazy_xd@hotmail.com
10/17/2009 9:48:27 AM: Correo enviado correctamente a mazy_xd@hotmail.com
10/17/2009 9:48:27 AM: -----------------------------------------------
10/17/2009 3:56:02 PM: Verificando igualdad de email del personaje La ROlah
10/17/2009 3:56:02 PM: Enviando contraseña a damiannogues@gmail.com
10/17/2009 3:56:06 PM: Correo enviado correctamente a damiannogues@gmail.com
10/17/2009 3:56:06 PM: -----------------------------------------------
10/17/2009 3:59:10 PM: Verificando igualdad de email del personaje Gancia
10/17/2009 3:59:10 PM: No hay igualdad de email en el personaje Gancia
10/17/2009 4:17:16 PM: Verificando igualdad de email del personaje alfa
10/17/2009 4:17:16 PM: No hay igualdad de email en el personaje alfa
10/17/2009 4:23:19 PM: Verificando igualdad de email del personaje alfa
10/17/2009 4:23:19 PM: No hay igualdad de email en el personaje alfa
10/17/2009 4:29:22 PM: Verificando igualdad de email del personaje alfa
10/17/2009 4:29:22 PM: No hay igualdad de email en el personaje alfa
10/17/2009 4:32:24 PM: Verificando igualdad de email del personaje ALFA
10/17/2009 4:32:24 PM: Enviando contraseña a LEOALFANI@HOTMAIL.COM
10/17/2009 4:32:27 PM: Correo enviado correctamente a LEOALFANI@HOTMAIL.COM
10/17/2009 4:32:27 PM: -----------------------------------------------
10/19/2009 12:52:40 AM: Verificando igualdad de email del personaje alarcon
10/19/2009 12:52:40 AM: No hay igualdad de email en el personaje alarcon
10/19/2009 12:52:40 AM: Verificando igualdad de email del personaje pummm
10/19/2009 12:52:40 AM: Enviando contraseña a lucas_parry_92@hotmail.com
10/19/2009 12:52:44 AM: Correo enviado correctamente a lucas_parry_92@hotmail.com
10/19/2009 12:52:44 AM: -----------------------------------------------
10/19/2009 12:52:44 AM: Verificando igualdad de email del personaje pummm
10/19/2009 12:52:44 AM: Enviando contraseña a lucas_parry_92@hotmail.com
10/19/2009 12:52:47 AM: Correo enviado correctamente a lucas_parry_92@hotmail.com
10/19/2009 12:52:47 AM: -----------------------------------------------
10/19/2009 12:52:47 AM: Verificando igualdad de email del personaje daisuke
10/19/2009 12:52:47 AM: Enviando contraseña a lucas_parry_92@hotmail.com
10/19/2009 12:52:50 AM: Correo enviado correctamente a lucas_parry_92@hotmail.com
10/19/2009 12:52:50 AM: -----------------------------------------------
10/19/2009 12:52:50 AM: Verificando igualdad de email del personaje leke
10/19/2009 12:52:50 AM: No hay igualdad de email en el personaje leke
10/19/2009 12:52:50 AM: Verificando igualdad de email del personaje jose ll
10/19/2009 12:52:50 AM: No hay igualdad de email en el personaje jose ll
10/19/2009 12:52:50 AM: Verificando igualdad de email del personaje eL Fabri
10/19/2009 12:52:50 AM: No hay igualdad de email en el personaje eL Fabri
10/19/2009 12:55:53 AM: Verificando igualdad de email del personaje daisuke
10/19/2009 12:55:53 AM: Enviando contraseña a lucas_parry_92@hotmail.com
10/19/2009 12:55:55 AM: Correo enviado correctamente a lucas_parry_92@hotmail.com
10/19/2009 12:55:55 AM: -----------------------------------------------
10/19/2009 12:55:55 AM: Verificando igualdad de email del personaje pummm
10/19/2009 12:55:55 AM: Enviando contraseña a lucas_parry_92@hotmail.com
10/19/2009 12:55:58 AM: Correo enviado correctamente a lucas_parry_92@hotmail.com
10/19/2009 12:55:58 AM: -----------------------------------------------
10/19/2009 1:41:12 PM: Verificando igualdad de email del personaje neos
10/19/2009 1:41:12 PM: No hay igualdad de email en el personaje neos
10/19/2009 2:05:21 PM: Verificando igualdad de email del personaje neos
10/19/2009 2:05:21 PM: No hay igualdad de email en el personaje neos
10/19/2009 2:08:23 PM: Verificando igualdad de email del personaje 
10/19/2009 2:08:23 PM: No hay igualdad de email en el personaje 
10/19/2009 2:08:23 PM: Verificando igualdad de email del personaje sirius
10/19/2009 2:08:23 PM: Enviando contraseña a benja.27@hotmail.com
10/19/2009 2:08:27 PM: Correo enviado correctamente a benja.27@hotmail.com
10/19/2009 2:08:27 PM: -----------------------------------------------
10/19/2009 3:57:43 PM: Verificando igualdad de email del personaje exec
10/19/2009 3:57:43 PM: No hay igualdad de email en el personaje exec
10/19/2009 6:13:23 PM: Verificando igualdad de email del personaje qe manqo
10/19/2009 6:13:23 PM: Enviando contraseña a maxi_diablo3@hotmail.com
10/19/2009 6:13:26 PM: Correo enviado correctamente a maxi_diablo3@hotmail.com
10/19/2009 6:13:26 PM: -----------------------------------------------
10/19/2009 6:13:26 PM: Verificando igualdad de email del personaje mia
10/19/2009 6:13:26 PM: Enviando contraseña a maxi_diablo3@hotmail.com
10/19/2009 6:13:29 PM: Correo enviado correctamente a maxi_diablo3@hotmail.com
10/19/2009 6:13:29 PM: -----------------------------------------------
10/19/2009 7:40:53 PM: Verificando igualdad de email del personaje Hix
10/19/2009 7:40:53 PM: No hay igualdad de email en el personaje Hix
10/19/2009 8:23:08 PM: Verificando igualdad de email del personaje 
10/19/2009 8:23:08 PM: No hay igualdad de email en el personaje 
10/19/2009 10:26:37 PM: Verificando igualdad de email del personaje emeg
10/19/2009 10:26:37 PM: Enviando contraseña a franco_mdq_95@hotmail.com
10/19/2009 10:26:41 PM: Correo enviado correctamente a franco_mdq_95@hotmail.com
10/19/2009 10:26:41 PM: -----------------------------------------------
10/19/2009 10:26:41 PM: Verificando igualdad de email del personaje sakill
10/19/2009 10:26:41 PM: No hay igualdad de email en el personaje sakill
10/20/2009 11:17:47 AM: Verificando igualdad de email del personaje pummm
10/20/2009 11:17:47 AM: Enviando contraseña a lucas_parry_92@hotmail.com
10/20/2009 11:17:52 AM: Correo enviado correctamente a lucas_parry_92@hotmail.com
10/20/2009 11:17:52 AM: -----------------------------------------------
10/20/2009 3:46:18 PM: Verificando igualdad de email del personaje Sender
10/20/2009 3:46:18 PM: Enviando contraseña a pablokpo98@hotmail.com
10/20/2009 3:46:23 PM: Correo enviado correctamente a pablokpo98@hotmail.com
10/20/2009 3:46:23 PM: -----------------------------------------------
10/20/2009 4:22:35 PM: Verificando igualdad de email del personaje Marco Aurelio
10/20/2009 4:22:35 PM: No hay igualdad de email en el personaje Marco Aurelio
10/20/2009 10:06:12 PM: Verificando igualdad de email del personaje armus
10/20/2009 10:06:12 PM: Enviando contraseña a sebas_artigas@hotmail.com
10/20/2009 10:06:15 PM: Correo enviado correctamente a sebas_artigas@hotmail.com
10/20/2009 10:06:15 PM: -----------------------------------------------
10/21/2009 2:53:32 PM: Verificando igualdad de email del personaje Hera
10/21/2009 2:53:32 PM: Enviando contraseña a alan.alitan@hotmail.com
10/21/2009 2:53:38 PM: Correo enviado correctamente a alan.alitan@hotmail.com
10/21/2009 2:53:38 PM: -----------------------------------------------
10/21/2009 2:53:38 PM: Verificando igualdad de email del personaje Hera
10/21/2009 2:53:38 PM: Enviando contraseña a alan.alitan@hotmail.com
10/21/2009 2:53:43 PM: Correo enviado correctamente a alan.alitan@hotmail.com
10/21/2009 2:53:43 PM: -----------------------------------------------
10/21/2009 3:02:50 PM: Verificando igualdad de email del personaje Hera
10/21/2009 3:02:50 PM: Enviando contraseña a alan.alitan@hotmail.com
10/21/2009 3:02:55 PM: Correo enviado correctamente a alan.alitan@hotmail.com
10/21/2009 3:02:55 PM: -----------------------------------------------
10/21/2009 3:05:57 PM: Verificando igualdad de email del personaje roxy
10/21/2009 3:05:57 PM: Enviando contraseña a mazy_xd@hotmail.com
10/21/2009 3:06:02 PM: Correo enviado correctamente a mazy_xd@hotmail.com
10/21/2009 3:06:02 PM: -----------------------------------------------
10/21/2009 7:23:38 PM: Verificando igualdad de email del personaje Google
10/21/2009 7:23:38 PM: Enviando contraseña a maco_c09@hotmail.com
10/21/2009 7:23:44 PM: Correo enviado correctamente a maco_c09@hotmail.com
10/21/2009 7:23:44 PM: -----------------------------------------------
10/21/2009 9:03:10 PM: Verificando igualdad de email del personaje T U Y A
10/21/2009 9:03:10 PM: No hay igualdad de email en el personaje T U Y A
10/21/2009 9:06:11 PM: Verificando igualdad de email del personaje 
10/21/2009 9:06:11 PM: No hay igualdad de email en el personaje 
10/21/2009 9:06:11 PM: Verificando igualdad de email del personaje T U Y A
10/21/2009 9:06:11 PM: No hay igualdad de email en el personaje T U Y A
10/21/2009 9:06:11 PM: Verificando igualdad de email del personaje T U Y A
10/21/2009 9:06:11 PM: No hay igualdad de email en el personaje T U Y A
10/22/2009 8:56:43 AM: Verificando igualdad de email del personaje chichi
10/22/2009 8:56:43 AM: Enviando contraseña a el_mejor.maga@hotmail.com
10/22/2009 8:56:48 AM: Correo enviado correctamente a el_mejor.maga@hotmail.com
10/22/2009 8:56:48 AM: -----------------------------------------------
10/22/2009 3:14:10 PM: Verificando igualdad de email del personaje mia
10/22/2009 3:14:10 PM: Enviando contraseña a maxi_diablo3@hotmail.com
10/22/2009 3:14:16 PM: Correo enviado correctamente a maxi_diablo3@hotmail.com
10/22/2009 3:14:16 PM: -----------------------------------------------
10/22/2009 4:29:43 PM: Verificando igualdad de email del personaje alarcon
10/22/2009 4:29:43 PM: No hay igualdad de email en el personaje alarcon
10/22/2009 6:03:10 PM: Verificando igualdad de email del personaje gskil
10/22/2009 6:03:10 PM: Enviando contraseña a rivercapo_marcelo@hotmail.com
10/22/2009 6:03:15 PM: Correo enviado correctamente a rivercapo_marcelo@hotmail.com
10/22/2009 6:03:15 PM: -----------------------------------------------
10/22/2009 6:39:24 PM: Verificando igualdad de email del personaje SASQUACH
10/22/2009 6:39:24 PM: Enviando contraseña a nicotiko_621@hotmail.com
10/22/2009 6:39:29 PM: Correo enviado correctamente a nicotiko_621@hotmail.com
10/22/2009 6:39:29 PM: -----------------------------------------------
10/22/2009 6:45:31 PM: Verificando igualdad de email del personaje ilpk
10/22/2009 6:45:31 PM: Enviando contraseña a juank_de_floresta@live.com
10/22/2009 6:45:36 PM: Correo enviado correctamente a juank_de_floresta@live.com
10/22/2009 6:45:36 PM: -----------------------------------------------
10/22/2009 7:42:50 PM: Verificando igualdad de email del personaje Electrotok
10/22/2009 7:42:50 PM: No hay igualdad de email en el personaje Electrotok
10/26/2009 12:16:32 PM: Verificando igualdad de email del personaje gskill
10/26/2009 12:16:32 PM: Enviando contraseña a rivercapo_marcelo@hotmail.com
10/26/2009 12:16:37 PM: Correo enviado correctamente a rivercapo_marcelo@hotmail.com
10/26/2009 12:16:37 PM: -----------------------------------------------
10/26/2009 12:16:37 PM: Verificando igualdad de email del personaje gskill
10/26/2009 12:16:37 PM: Enviando contraseña a rivercapo_marcelo@hotmail.com
10/26/2009 12:16:40 PM: Correo enviado correctamente a rivercapo_marcelo@hotmail.com
10/26/2009 12:16:40 PM: -----------------------------------------------
10/26/2009 12:16:40 PM: Verificando igualdad de email del personaje gskill
10/26/2009 12:16:40 PM: Enviando contraseña a rivercapo_marcelo@hotmail.com
10/26/2009 12:16:43 PM: Correo enviado correctamente a rivercapo_marcelo@hotmail.com
10/26/2009 12:16:43 PM: -----------------------------------------------
10/26/2009 12:16:43 PM: Verificando igualdad de email del personaje gskill
10/26/2009 12:16:43 PM: Enviando contraseña a rivercapo_marcelo@hotmail.com
10/26/2009 12:16:46 PM: Correo enviado correctamente a rivercapo_marcelo@hotmail.com
10/26/2009 12:16:46 PM: -----------------------------------------------
10/26/2009 12:16:46 PM: Verificando igualdad de email del personaje gskill
10/26/2009 12:16:46 PM: Enviando contraseña a rivercapo_marcelo@hotmail.com
10/26/2009 12:16:49 PM: Correo enviado correctamente a rivercapo_marcelo@hotmail.com
10/26/2009 12:16:49 PM: -----------------------------------------------
10/26/2009 12:16:49 PM: Verificando igualdad de email del personaje gskill
10/26/2009 12:16:49 PM: Enviando contraseña a rivercapo_marcelo@hotmail.com
10/26/2009 12:16:52 PM: Correo enviado correctamente a rivercapo_marcelo@hotmail.com
10/26/2009 12:16:52 PM: -----------------------------------------------
10/26/2009 12:16:52 PM: Verificando igualdad de email del personaje gskill
10/26/2009 12:16:52 PM: Enviando contraseña a rivercapo_marcelo@hotmail.com
10/26/2009 12:16:54 PM: Correo enviado correctamente a rivercapo_marcelo@hotmail.com
10/26/2009 12:16:54 PM: -----------------------------------------------
10/26/2009 12:16:54 PM: Verificando igualdad de email del personaje gskill
10/26/2009 12:16:54 PM: Enviando contraseña a rivercapo_marcelo@hotmail.com
10/26/2009 12:16:57 PM: Correo enviado correctamente a rivercapo_marcelo@hotmail.com
10/26/2009 12:16:57 PM: -----------------------------------------------
10/26/2009 12:16:57 PM: Verificando igualdad de email del personaje gskill
10/26/2009 12:16:57 PM: Enviando contraseña a rivercapo_marcelo@hotmail.com
10/26/2009 12:17:00 PM: Correo enviado correctamente a rivercapo_marcelo@hotmail.com
10/26/2009 12:17:00 PM: -----------------------------------------------
10/26/2009 12:17:00 PM: Verificando igualdad de email del personaje KoZHEZ
10/26/2009 12:17:00 PM: Enviando contraseña a pablof.13@hotmail.com
10/26/2009 12:17:03 PM: Correo enviado correctamente a pablof.13@hotmail.com
10/26/2009 12:17:03 PM: -----------------------------------------------
10/26/2009 12:17:03 PM: Verificando igualdad de email del personaje kozhez
10/26/2009 12:17:03 PM: Enviando contraseña a pablof.13@hotmail.com
10/26/2009 12:17:06 PM: Correo enviado correctamente a pablof.13@hotmail.com
10/26/2009 12:17:06 PM: -----------------------------------------------
10/26/2009 12:17:06 PM: Verificando igualdad de email del personaje kozhex
10/26/2009 12:17:06 PM: Enviando contraseña a pablof.13@hotmail.com
10/26/2009 12:17:09 PM: Correo enviado correctamente a pablof.13@hotmail.com
10/26/2009 12:17:09 PM: -----------------------------------------------
10/26/2009 12:17:09 PM: Verificando igualdad de email del personaje nic
10/26/2009 12:17:09 PM: No hay igualdad de email en el personaje nic
10/26/2009 12:17:09 PM: Verificando igualdad de email del personaje roky
10/26/2009 12:17:09 PM: Enviando contraseña a benjamin_01_05@hotmail.es
10/26/2009 12:17:11 PM: Correo enviado correctamente a benjamin_01_05@hotmail.es
10/26/2009 12:17:11 PM: -----------------------------------------------
10/26/2009 12:17:11 PM: Verificando igualdad de email del personaje roky
10/26/2009 12:17:11 PM: Enviando contraseña a benjamin_01_05@hotmail.es
10/26/2009 12:17:14 PM: Correo enviado correctamente a benjamin_01_05@hotmail.es
10/26/2009 12:17:14 PM: -----------------------------------------------
10/26/2009 12:17:14 PM: Verificando igualdad de email del personaje guiyeee
10/26/2009 12:17:14 PM: Enviando contraseña a ignacio_jaure.15@hotmail.com
10/26/2009 12:17:17 PM: Correo enviado correctamente a ignacio_jaure.15@hotmail.com
10/26/2009 12:17:17 PM: -----------------------------------------------
10/26/2009 12:17:17 PM: Verificando igualdad de email del personaje gskil
10/26/2009 12:17:17 PM: Enviando contraseña a rivercapo_marcelo@hotmail.com
10/26/2009 12:17:20 PM: Correo enviado correctamente a rivercapo_marcelo@hotmail.com
10/26/2009 12:17:20 PM: -----------------------------------------------
10/26/2009 12:17:20 PM: Verificando igualdad de email del personaje mony
10/26/2009 12:17:20 PM: Enviando contraseña a Leo-xD@live.com
10/26/2009 12:17:23 PM: Correo enviado correctamente a Leo-xD@live.com
10/26/2009 12:17:23 PM: -----------------------------------------------
10/26/2009 12:17:23 PM: Verificando igualdad de email del personaje kozhex
10/26/2009 12:17:23 PM: Enviando contraseña a pablof.13@hotmail.com
10/26/2009 12:17:26 PM: Correo enviado correctamente a pablof.13@hotmail.com
10/26/2009 12:17:26 PM: -----------------------------------------------
10/26/2009 12:17:26 PM: Verificando igualdad de email del personaje 155758618
10/26/2009 12:17:26 PM: No hay igualdad de email en el personaje 155758618
10/26/2009 12:17:26 PM: Verificando igualdad de email del personaje mazy_xd@hotmail.com
10/26/2009 12:17:26 PM: No hay igualdad de email en el personaje mazy_xd@hotmail.com
10/26/2009 12:17:26 PM: Verificando igualdad de email del personaje Leo-xD@live.com
10/26/2009 12:17:26 PM: No hay igualdad de email en el personaje Leo-xD@live.com
10/26/2009 12:17:26 PM: Verificando igualdad de email del personaje roxy
10/26/2009 12:17:26 PM: Enviando contraseña a mazy_xd@hotmail.com
10/26/2009 12:17:29 PM: Correo enviado correctamente a mazy_xd@hotmail.com
10/26/2009 12:17:29 PM: -----------------------------------------------
10/26/2009 12:17:29 PM: Verificando igualdad de email del personaje tamy
10/26/2009 12:17:29 PM: No hay igualdad de email en el personaje tamy
10/26/2009 12:17:29 PM: Verificando igualdad de email del personaje Ely
10/26/2009 12:17:29 PM: Enviando contraseña a Leo-xD@live.com
10/26/2009 12:17:32 PM: Correo enviado correctamente a Leo-xD@live.com
10/26/2009 12:17:32 PM: -----------------------------------------------
10/26/2009 12:17:32 PM: Verificando igualdad de email del personaje nicks
10/26/2009 12:17:32 PM: Enviando contraseña a 1@1.com
10/26/2009 12:17:35 PM: Correo enviado correctamente a 1@1.com
10/26/2009 12:17:35 PM: -----------------------------------------------
10/26/2009 12:17:35 PM: Verificando igualdad de email del personaje Ely
10/26/2009 12:17:35 PM: Enviando contraseña a Leo-xD@live.com
10/26/2009 12:17:38 PM: Correo enviado correctamente a Leo-xD@live.com
10/26/2009 12:17:38 PM: -----------------------------------------------
10/26/2009 12:17:38 PM: Verificando igualdad de email del personaje fedef
10/26/2009 12:17:38 PM: Enviando contraseña a fede.free10@hotmail.com
10/26/2009 12:17:41 PM: Correo enviado correctamente a fede.free10@hotmail.com
10/26/2009 12:17:41 PM: -----------------------------------------------
10/26/2009 12:17:41 PM: Verificando igualdad de email del personaje FedeF
10/26/2009 12:17:41 PM: Enviando contraseña a fede.free10@hotmail.com
10/26/2009 12:17:44 PM: Correo enviado correctamente a fede.free10@hotmail.com
10/26/2009 12:17:44 PM: -----------------------------------------------
10/26/2009 12:17:44 PM: Verificando igualdad de email del personaje ROKY
10/26/2009 12:17:44 PM: Enviando contraseña a benjamin_01_05@hotmail.es
10/26/2009 12:17:47 PM: Correo enviado correctamente a benjamin_01_05@hotmail.es
10/26/2009 12:17:47 PM: -----------------------------------------------
10/26/2009 12:17:47 PM: Verificando igualdad de email del personaje Fri
10/26/2009 12:17:47 PM: Enviando contraseña a frii.-@hotmail.com
10/26/2009 12:17:50 PM: Correo enviado correctamente a frii.-@hotmail.com
10/26/2009 12:17:50 PM: -----------------------------------------------
10/26/2009 12:17:50 PM: Verificando igualdad de email del personaje roky
10/26/2009 12:17:50 PM: Enviando contraseña a benjamin_01_05@hotmail.es
10/26/2009 12:17:52 PM: Correo enviado correctamente a benjamin_01_05@hotmail.es
10/26/2009 12:17:52 PM: -----------------------------------------------
10/26/2009 12:17:52 PM: Verificando igualdad de email del personaje Guiyeee
10/26/2009 12:17:52 PM: Enviando contraseña a ignacio_jaure.15@hotmail.com
10/26/2009 12:17:56 PM: Correo enviado correctamente a ignacio_jaure.15@hotmail.com
10/26/2009 12:17:56 PM: -----------------------------------------------
10/26/2009 12:17:56 PM: Verificando igualdad de email del personaje We Gotta Power
10/26/2009 12:17:56 PM: Enviando contraseña a ema-94@live.com.ar
10/26/2009 12:17:59 PM: Correo enviado correctamente a ema-94@live.com.ar
10/26/2009 12:17:59 PM: -----------------------------------------------
10/26/2009 12:17:59 PM: Verificando igualdad de email del personaje We Gotta Power
10/26/2009 12:17:59 PM: No hay igualdad de email en el personaje We Gotta Power
10/26/2009 12:17:59 PM: Verificando igualdad de email del personaje we gotta power III
10/26/2009 12:17:59 PM: No hay igualdad de email en el personaje we gotta power III
10/26/2009 12:17:59 PM: Verificando igualdad de email del personaje we gotta power
10/26/2009 12:17:59 PM: Enviando contraseña a ema-94@live.com.ar
10/26/2009 12:18:02 PM: Correo enviado correctamente a ema-94@live.com.ar
10/26/2009 12:18:02 PM: -----------------------------------------------
10/26/2009 12:18:02 PM: Verificando igualdad de email del personaje we gotta power
10/26/2009 12:18:02 PM: Enviando contraseña a ema-94@live.com.ar
10/26/2009 12:18:05 PM: Correo enviado correctamente a ema-94@live.com.ar
10/26/2009 12:18:05 PM: -----------------------------------------------
10/26/2009 12:18:05 PM: Verificando igualdad de email del personaje ignacio_jaure.15@hotmail.com
10/26/2009 12:18:05 PM: No hay igualdad de email en el personaje ignacio_jaure.15@hotmail.com
10/26/2009 12:18:05 PM: Verificando igualdad de email del personaje lobezno
10/26/2009 12:18:05 PM: Enviando contraseña a el_menor445@hotmail.com
10/26/2009 12:18:08 PM: Correo enviado correctamente a el_menor445@hotmail.com
10/26/2009 12:18:08 PM: -----------------------------------------------
10/26/2009 12:18:08 PM: Verificando igualdad de email del personaje pompi
10/26/2009 12:18:08 PM: Enviando contraseña a agustingraf@live.com
10/26/2009 12:18:11 PM: Correo enviado correctamente a agustingraf@live.com
10/26/2009 12:18:11 PM: -----------------------------------------------
10/26/2009 12:18:11 PM: Verificando igualdad de email del personaje pompi
10/26/2009 12:18:11 PM: Enviando contraseña a agustingraf@live.com
10/26/2009 12:18:14 PM: Correo enviado correctamente a agustingraf@live.com
10/26/2009 12:18:14 PM: -----------------------------------------------
10/26/2009 12:18:14 PM: Verificando igualdad de email del personaje Zampher
10/26/2009 12:18:14 PM: No hay igualdad de email en el personaje Zampher
10/26/2009 12:18:14 PM: Verificando igualdad de email del personaje roky
10/26/2009 12:18:14 PM: Enviando contraseña a benjamin_01_05@hotmail.es
10/26/2009 12:18:17 PM: Correo enviado correctamente a benjamin_01_05@hotmail.es
10/26/2009 12:18:17 PM: -----------------------------------------------
10/26/2009 12:18:17 PM: Verificando igualdad de email del personaje jojo
10/26/2009 12:18:17 PM: Enviando contraseña a josue0729@hotmail.com
10/26/2009 12:18:20 PM: Correo enviado correctamente a josue0729@hotmail.com
10/26/2009 12:18:20 PM: -----------------------------------------------
10/26/2009 12:18:20 PM: Verificando igualdad de email del personaje agustingraf@live.com
10/26/2009 12:18:20 PM: No hay igualdad de email en el personaje agustingraf@live.com
10/26/2009 12:18:20 PM: Verificando igualdad de email del personaje pompi
10/26/2009 12:18:20 PM: Enviando contraseña a agustingraf@live.com
10/26/2009 12:18:23 PM: Correo enviado correctamente a agustingraf@live.com
10/26/2009 12:18:23 PM: -----------------------------------------------
10/26/2009 12:18:23 PM: Verificando igualdad de email del personaje Apuas
10/26/2009 12:18:23 PM: Enviando contraseña a agustingraf@live.com
10/26/2009 12:18:25 PM: Correo enviado correctamente a agustingraf@live.com
10/26/2009 12:18:25 PM: -----------------------------------------------
10/26/2009 12:18:25 PM: Verificando igualdad de email del personaje pompi
10/26/2009 12:18:25 PM: Enviando contraseña a agustingraf@live.com
10/26/2009 12:18:28 PM: Correo enviado correctamente a agustingraf@live.com
10/26/2009 12:18:28 PM: -----------------------------------------------
10/26/2009 12:18:28 PM: Verificando igualdad de email del personaje pompi
10/26/2009 12:18:28 PM: Enviando contraseña a agustingraf@live.com
10/26/2009 12:18:35 PM: Correo enviado correctamente a agustingraf@live.com
10/26/2009 12:18:35 PM: -----------------------------------------------
10/26/2009 12:18:35 PM: Verificando igualdad de email del personaje aaaaaaa
10/26/2009 12:18:35 PM: No hay igualdad de email en el personaje aaaaaaa
10/26/2009 12:18:35 PM: Verificando igualdad de email del personaje aaaaaaa
10/26/2009 12:18:35 PM: No hay igualdad de email en el personaje aaaaaaa
10/26/2009 12:18:35 PM: Verificando igualdad de email del personaje Wichi
10/26/2009 12:18:35 PM: No hay igualdad de email en el personaje Wichi
10/26/2009 12:18:35 PM: Verificando igualdad de email del personaje pompi
10/26/2009 12:18:35 PM: Enviando contraseña a agustingraf@live.com
10/26/2009 12:18:38 PM: Correo enviado correctamente a agustingraf@live.com
10/26/2009 12:18:38 PM: -----------------------------------------------
10/26/2009 12:18:38 PM: Verificando igualdad de email del personaje il pk
10/26/2009 12:18:38 PM: Enviando contraseña a juank_de_floresta@live.com
10/26/2009 12:18:41 PM: Correo enviado correctamente a juank_de_floresta@live.com
10/26/2009 12:18:41 PM: -----------------------------------------------
10/26/2009 12:18:41 PM: Verificando igualdad de email del personaje ToTa
10/26/2009 12:18:41 PM: Enviando contraseña a eltotovd@hotmail.es
10/26/2009 12:18:44 PM: Correo enviado correctamente a eltotovd@hotmail.es
10/26/2009 12:18:44 PM: -----------------------------------------------
10/26/2009 12:18:44 PM: Verificando igualdad de email del personaje we gotta power III
10/26/2009 12:18:44 PM: No hay igualdad de email en el personaje we gotta power III
10/26/2009 12:18:44 PM: Verificando igualdad de email del personaje Guiyeee
10/26/2009 12:18:44 PM: Enviando contraseña a ignacio_jaure.15@hotmail.com
10/26/2009 12:18:47 PM: Correo enviado correctamente a ignacio_jaure.15@hotmail.com
10/26/2009 12:18:47 PM: -----------------------------------------------
10/26/2009 12:18:47 PM: Verificando igualdad de email del personaje apuas
10/26/2009 12:18:47 PM: No hay igualdad de email en el personaje apuas
10/26/2009 12:18:47 PM: Verificando igualdad de email del personaje Karko
10/26/2009 12:18:47 PM: Enviando contraseña a lucas_canallon1@hotmail.com
10/26/2009 12:18:51 PM: Correo enviado correctamente a lucas_canallon1@hotmail.com
10/26/2009 12:18:51 PM: -----------------------------------------------
10/26/2009 12:18:51 PM: Verificando igualdad de email del personaje la linda
10/26/2009 12:18:51 PM: No hay igualdad de email en el personaje la linda
10/26/2009 12:18:51 PM: Verificando igualdad de email del personaje Ely
10/26/2009 12:18:51 PM: Enviando contraseña a Leo-xD@live.com
10/26/2009 12:19:06 PM: Correo enviado correctamente a Leo-xD@live.com
10/26/2009 12:19:06 PM: -----------------------------------------------
10/26/2009 12:19:06 PM: Verificando igualdad de email del personaje valefor
10/26/2009 12:19:06 PM: Enviando contraseña a maco_c09@hotmail.com
10/26/2009 12:19:09 PM: Correo enviado correctamente a maco_c09@hotmail.com
10/26/2009 12:19:09 PM: -----------------------------------------------
10/26/2009 12:19:09 PM: Verificando igualdad de email del personaje zashira
10/26/2009 12:19:09 PM: Enviando contraseña a alan_nicolas468@hotmail.com
10/26/2009 12:19:12 PM: Correo enviado correctamente a alan_nicolas468@hotmail.com
10/26/2009 12:19:12 PM: -----------------------------------------------
10/26/2009 12:19:12 PM: Verificando igualdad de email del personaje the king
10/26/2009 12:19:12 PM: Enviando contraseña a nahuel_la12.25@hotmail.com
10/26/2009 12:19:15 PM: Correo enviado correctamente a nahuel_la12.25@hotmail.com
10/26/2009 12:19:15 PM: -----------------------------------------------
10/26/2009 12:19:15 PM: Verificando igualdad de email del personaje un
10/26/2009 12:19:15 PM: Enviando contraseña a a@a.com
10/26/2009 12:19:22 PM: Correo enviado correctamente a a@a.com
10/26/2009 12:19:22 PM: -----------------------------------------------
10/26/2009 12:19:22 PM: Verificando igualdad de email del personaje cuatro
10/26/2009 12:19:22 PM: Enviando contraseña a a@a.com
10/26/2009 12:19:25 PM: Correo enviado correctamente a a@a.com
10/26/2009 12:19:25 PM: -----------------------------------------------
10/26/2009 12:19:25 PM: Verificando igualdad de email del personaje tiburon
10/26/2009 12:19:25 PM: Enviando contraseña a a@a.com
10/26/2009 12:19:27 PM: Correo enviado correctamente a a@a.com
10/26/2009 12:19:27 PM: -----------------------------------------------
10/26/2009 12:19:27 PM: Verificando igualdad de email del personaje eltotovd@hotmail.es
10/26/2009 12:19:27 PM: No hay igualdad de email en el personaje eltotovd@hotmail.es
10/26/2009 12:19:27 PM: Verificando igualdad de email del personaje hipnosis.-@hotmail.com
10/26/2009 12:19:27 PM: No hay igualdad de email en el personaje hipnosis.-@hotmail.com
10/26/2009 12:19:27 PM: Verificando igualdad de email del personaje Coche
10/26/2009 12:19:27 PM: No hay igualdad de email en el personaje Coche
10/26/2009 12:19:27 PM: Verificando igualdad de email del personaje ateneas
10/26/2009 12:19:27 PM: Enviando contraseña a hernan9_5@hotmail.com
10/26/2009 12:19:31 PM: Correo enviado correctamente a hernan9_5@hotmail.com
10/26/2009 12:19:31 PM: -----------------------------------------------
10/26/2009 12:19:31 PM: Verificando igualdad de email del personaje akiara
10/26/2009 12:19:31 PM: No hay igualdad de email en el personaje akiara
10/26/2009 3:02:25 PM: Verificando igualdad de email del personaje Ely
10/26/2009 3:02:25 PM: No hay igualdad de email en el personaje Ely
10/26/2009 7:57:54 PM: Verificando igualdad de email del personaje puhss
10/26/2009 7:57:54 PM: Enviando contraseña a yoee_vm@hotmail.com
10/26/2009 7:57:58 PM: Correo enviado correctamente a yoee_vm@hotmail.com
10/26/2009 7:57:58 PM: -----------------------------------------------
10/26/2009 11:22:56 PM: Verificando igualdad de email del personaje TranslaX
10/26/2009 11:22:56 PM: No hay igualdad de email en el personaje TranslaX
10/27/2009 12:56:21 AM: Verificando igualdad de email del personaje Taj MARi
10/27/2009 12:56:21 AM: No hay igualdad de email en el personaje Taj MARi
10/27/2009 7:00:42 AM: Verificando igualdad de email del personaje cirujano
10/27/2009 7:00:42 AM: Enviando contraseña a joelf0@hotmail.es
10/27/2009 7:00:47 AM: Correo enviado correctamente a joelf0@hotmail.es
10/27/2009 7:00:47 AM: -----------------------------------------------
10/27/2009 2:30:42 PM: Verificando igualdad de email del personaje we gotta power
10/27/2009 2:30:42 PM: Enviando contraseña a ema-94@live.com.ar
10/27/2009 2:30:47 PM: Correo enviado correctamente a ema-94@live.com.ar
10/27/2009 2:30:47 PM: -----------------------------------------------
10/27/2009 3:07:00 PM: Verificando igualdad de email del personaje AquaII
10/27/2009 3:07:00 PM: Enviando contraseña a mmaaxxi@hotmail.es
10/27/2009 3:07:08 PM: Correo enviado correctamente a mmaaxxi@hotmail.es
10/27/2009 3:07:08 PM: -----------------------------------------------
10/27/2009 3:07:08 PM: Verificando igualdad de email del personaje AquaIII
10/27/2009 3:07:08 PM: Enviando contraseña a mmaaxxi@hotmail.es
10/27/2009 3:07:11 PM: Correo enviado correctamente a mmaaxxi@hotmail.es
10/27/2009 3:07:11 PM: -----------------------------------------------
10/27/2009 9:30:03 PM: Verificando igualdad de email del personaje roky
10/27/2009 9:30:03 PM: No hay igualdad de email en el personaje roky
10/27/2009 9:36:05 PM: Verificando igualdad de email del personaje chac
10/27/2009 9:36:05 PM: No hay igualdad de email en el personaje chac
10/28/2009 6:11:13 AM: Verificando igualdad de email del personaje mozart
10/28/2009 6:11:13 AM: Enviando contraseña a el_menor445@hotmail.com
10/28/2009 6:11:17 AM: Correo enviado correctamente a el_menor445@hotmail.com
10/28/2009 6:11:17 AM: -----------------------------------------------
10/28/2009 11:24:29 AM: Verificando igualdad de email del personaje benjamin_01_05@hotmail.es
10/28/2009 11:24:29 AM: No hay igualdad de email en el personaje benjamin_01_05@hotmail.es
10/28/2009 12:57:52 PM: Verificando igualdad de email del personaje roky
10/28/2009 12:57:52 PM: Enviando contraseña a benjamin_01_05@hotmail.es
10/28/2009 12:57:57 PM: Correo enviado correctamente a benjamin_01_05@hotmail.es
10/28/2009 12:57:57 PM: -----------------------------------------------
